#
# A fatal error has been detected by the Java Runtime Environment:
#
#  SIGSEGV (0xb) at pc=0x00007fea55df7462, pid=9778, tid=9818
#
# JRE version: OpenJDK Runtime Environment (10.0.2+13) (build 10.0.2+13-Ubuntu-1ubuntu0.18.04.4)
# Java VM: OpenJDK 64-Bit Server VM (10.0.2+13-Ubuntu-1ubuntu0.18.04.4, mixed mode, tiered, compressed oops, g1 gc, linux-amd64)
# Problematic frame:
# C  [librxtxSerial.so+0x6462]  read_byte_array+0x52
#
# Core dump will be written. Default location: Core dumps may be processed with "/usr/share/apport/apport %p %s %c %d %P" (or dumping to /home/ilya/IdeaProjects/eflute/core.9778)
#
# If you would like to submit a bug report, please visit:
#   http://bugreport.java.com/bugreport/crash.jsp
# The crash happened outside the Java Virtual Machine in native code.
# See problematic frame for where to report the bug.
#

---------------  S U M M A R Y ------------

Command Line: -javaagent:/home/ilya/idea-IC-183.5429.30/lib/idea_rt.jar=46297:/home/ilya/idea-IC-183.5429.30/bin -Dfile.encoding=UTF-8 SerialTest

Host: Intel(R) Core(TM)2 Duo CPU     P8600  @ 2.40GHz, 2 cores, 3G, Ubuntu 18.04.1 LTS
Time: Wed Feb  6 03:22:58 2019 MSK elapsed time: 0 seconds (0d 0h 0m 0s)

---------------  T H R E A D  ---------------

Current thread (0x00007fea8025e000):  JavaThread "Thread-0" [_thread_in_native, id=9818, stack(0x00007fea55aee000,0x00007fea55bef000)]

Stack: [0x00007fea55aee000,0x00007fea55bef000],  sp=0x00007fea55becb80,  free space=1018k
Native frames: (J=compiled Java code, A=aot compiled Java code, j=interpreted, Vv=VM code, C=native code)
C  [librxtxSerial.so+0x6462]  read_byte_array+0x52

Java frames: (J=compiled Java code, j=interpreted, Vv=VM code)
j  gnu.io.RXTXPort.readArray([BII)I+0
j  gnu.io.RXTXPort$SerialInputStream.read([BII)I+187
j  sun.nio.cs.StreamDecoder.readBytes()I+135 java.base@10.0.2
j  sun.nio.cs.StreamDecoder.implRead([CII)I+112 java.base@10.0.2
j  sun.nio.cs.StreamDecoder.read([CII)I+180 java.base@10.0.2
j  java.io.InputStreamReader.read([CII)I+7 java.base@10.0.2
j  java.io.BufferedReader.fill()V+145 java.base@10.0.2
j  java.io.BufferedReader.readLine(Z)Ljava/lang/String;+44 java.base@10.0.2
j  java.io.BufferedReader.readLine()Ljava/lang/String;+2 java.base@10.0.2
j  SerialTest.serialEvent(Lgnu/io/SerialPortEvent;)V+12
j  gnu.io.RXTXPort.sendEvent(IZ)Z+382
v  ~StubRoutines::call_stub
j  gnu.io.RXTXPort.eventLoop()V+0
j  gnu.io.RXTXPort$MonitorThread.run()V+12
v  ~StubRoutines::call_stub

siginfo: si_signo: 11 (SIGSEGV), si_code: 1 (SEGV_MAPERR), si_addr: 0x0000000055bed818

Register to memory mapping:

RAX=0x0000000055bed810 is an unknown value
RBX=0xffffffffffffffff is an unknown value
RCX=0x0000000000000001 is an unknown value
RDX=0x00007fea879ea8c0: <offset 0x00000000004928c0> in /usr/lib/jvm/java-11-openjdk-amd64/lib/server/libjvm.so at 0x00007fea87558000
RSP=0x00007fea55becb80 is pointing into the stack for thread: 0x00007fea8025e000
RBP=0x00007fea8025e200 is an unknown value
RSI=0x00007fea55dfae30: <offset 0x0000000000009e30> in /usr/lib/librxtxSerial.so at 0x00007fea55df1000
RDI=0x00007fea55dfad3e: <offset 0x0000000000009d3e> in /usr/lib/librxtxSerial.so at 0x00007fea55df1000
R8 =0x00007fea65b04160 is pointing into metadata
R9 =0x00000000c9d63fc0 is pointing into object: 0x00000000c9d460d0

[error occurred during error reporting (printing register info), id 0xb]

Registers:
RAX=0x0000000055bed810, RBX=0xffffffffffffffff, RCX=0x0000000000000001, RDX=0x00007fea879ea8c0
RSP=0x00007fea55becb80, RBP=0x00007fea8025e200, RSI=0x00007fea55dfae30, RDI=0x00007fea55dfad3e
R8 =0x00007fea65b04160, R9 =0x00000000c9d63fc0, R10=0x0000000000000006, R11=0x00007fea88818384
R12=0x00000000ffffffff, R13=0x0000000000000000, R14=0x000000000000000d, R15=0x0000000000000000
RIP=0x00007fea55df7462, EFLAGS=0x0000000000010206, CSGSFS=0x002b000000000033, ERR=0x0000000000000004
  TRAPNO=0x000000000000000e

Top of Stack: (sp=0x00007fea55becb80)
0x00007fea55becb80:   0000000000000000 0000000000000000
0x00007fea55becb90:   ffffffffffffffff 0000000000000000
0x00007fea55becba0:   0000000000000000 0000000055bed810
0x00007fea55becbb0:   0000000000000000 0000000000000000 

Instructions: (pc=0x00007fea55df7462)
0x00007fea55df7442:   89 44 24 4c 48 c7 44 24 40 00 00 00 00 48 c7 44
0x00007fea55df7452:   24 38 00 00 00 00 e8 53 d7 ff ff 48 89 44 24 28
0x00007fea55df7462:   8b 40 08 45 85 e4 48 8b 54 24 28 44 8b 7c 24 4c
0x00007fea55df7472:   89 44 24 34 c7 42 08 00 00 00 00 78 0c 31 c0 e8 


---------------  P R O C E S S  ---------------

Threads class SMR info:
_java_thread_list=0x00007fea801b3c90, length=12, elements={
0x00007fea80124800, 0x00007fea80126800, 0x00007fea8013b000, 0x00007fea8013d000,
0x00007fea8013f000, 0x00007fea80141000, 0x00007fea801c2000, 0x00007fea80256800,
0x00007fea80257800, 0x00007fea8025e000, 0x00007fea8026d000, 0x00007fea80013000
}

Java Threads: ( => current thread )
  0x00007fea80124800 JavaThread "Reference Handler" daemon [_thread_blocked, id=9801, stack(0x00007fea842b1000,0x00007fea843b2000)]
  0x00007fea80126800 JavaThread "Finalizer" daemon [_thread_blocked, id=9802, stack(0x00007fea841b0000,0x00007fea842b1000)]
  0x00007fea8013b000 JavaThread "Signal Dispatcher" daemon [_thread_blocked, id=9807, stack(0x00007fea840af000,0x00007fea841b0000)]
  0x00007fea8013d000 JavaThread "C2 CompilerThread0" daemon [_thread_blocked, id=9808, stack(0x00007fea649e0000,0x00007fea64ae1000)]
  0x00007fea8013f000 JavaThread "C1 CompilerThread1" daemon [_thread_blocked, id=9809, stack(0x00007fea648df000,0x00007fea649e0000)]
  0x00007fea80141000 JavaThread "Sweeper thread" daemon [_thread_blocked, id=9810, stack(0x00007fea647de000,0x00007fea648df000)]
  0x00007fea801c2000 JavaThread "Common-Cleaner" daemon [_thread_blocked, id=9814, stack(0x00007fea646dd000,0x00007fea647de000)]
  0x00007fea80256800 JavaThread "Monitor Ctrl-Break" daemon [_thread_in_native, id=9815, stack(0x00007fea641b2000,0x00007fea642b3000)]
  0x00007fea80257800 JavaThread "Service Thread" daemon [_thread_blocked, id=9816, stack(0x00007fea640b1000,0x00007fea641b2000)]
=>0x00007fea8025e000 JavaThread "Thread-0" [_thread_in_native, id=9818, stack(0x00007fea55aee000,0x00007fea55bef000)]
  0x00007fea8026d000 JavaThread "Thread-1" [_thread_blocked, id=9819, stack(0x00007fea559ed000,0x00007fea55aee000)]
  0x00007fea80013000 JavaThread "DestroyJavaVM" [_thread_blocked, id=9787, stack(0x00007fea89583000,0x00007fea89684000)]

Other Threads:
  0x00007fea80118800 VMThread "VM Thread" [stack: 0x00007fea843b4000,0x00007fea844b4000] [id=9800]
  0x00007fea80254000 WatcherThread [stack: 0x00007fea55f00000,0x00007fea56000000] [id=9817]
  0x00007fea80029000 GCTaskThread "GC Thread#0" [stack: 0x00007fea854a3000,0x00007fea855a3000] [id=9788]
  0x00007fea8002a800 GCTaskThread "GC Thread#1" [stack: 0x00007fea853a1000,0x00007fea854a1000] [id=9789]
  0x00007fea8005f000 ConcurrentGCThread "G1 Main Marker" [stack: 0x00007fea84b36000,0x00007fea84c36000] [id=9790]
  0x00007fea80061000 ConcurrentGCThread "G1 Conc#0" [stack: 0x00007fea84a34000,0x00007fea84b34000] [id=9791]
  0x00007fea80090800 ConcurrentGCThread "G1 Refine#0" [stack: 0x00007fea84730000,0x00007fea84830000] [id=9793]
  0x00007fea80092800 ConcurrentGCThread "G1 Refine#1" [stack: 0x00007fea8462e000,0x00007fea8472e000] [id=9794]
  0x00007fea80094000 ConcurrentGCThread "G1 Young RemSet Sampling" [stack: 0x00007fea8452c000,0x00007fea8462c000] [id=9795]

Threads with active compile tasks:

VM state:not at safepoint (normal execution)

VM Mutex/Monitor currently owned by a thread: None

Heap address: 0x00000000c6600000, size: 922 MB, Compressed Oops mode: 32-bit
Narrow klass base: 0x0000000000000000, Narrow klass shift: 3
Compressed class space size: 1073741824 Address: 0x0000000100000000

Heap:
 garbage-first heap   total 59392K, used 2048K [0x00000000c6600000, 0x0000000100000000)
  region size 1024K, 3 young (3072K), 0 survivors (0K)
 Metaspace       used 6311K, capacity 6432K, committed 6528K, reserved 1056768K
  class space    used 513K, capacity 567K, committed 640K, reserved 1048576K
Heap Regions: E=young(eden), S=young(survivor), O=old, HS=humongous(starts), HC=humongous(continues), CS=collection set, F=free, A=archive, TS=gc time stamp, AC=allocation context, TAMS=top-at-mark-start (previous, next)
|   0|0x00000000c6600000, 0x00000000c6600000, 0x00000000c6700000|  0%| F|  |TS  0|AC  0|TAMS 0x00000000c6600000, 0x00000000c6600000|
|   1|0x00000000c6700000, 0x00000000c6700000, 0x00000000c6800000|  0%| F|  |TS  0|AC  0|TAMS 0x00000000c6700000, 0x00000000c6700000|
|   2|0x00000000c6800000, 0x00000000c6800000, 0x00000000c6900000|  0%| F|  |TS  0|AC  0|TAMS 0x00000000c6800000, 0x00000000c6800000|
|   3|0x00000000c6900000, 0x00000000c6900000, 0x00000000c6a00000|  0%| F|  |TS  0|AC  0|TAMS 0x00000000c6900000, 0x00000000c6900000|
|   4|0x00000000c6a00000, 0x00000000c6a00000, 0x00000000c6b00000|  0%| F|  |TS  0|AC  0|TAMS 0x00000000c6a00000, 0x00000000c6a00000|
|   5|0x00000000c6b00000, 0x00000000c6b00000, 0x00000000c6c00000|  0%| F|  |TS  0|AC  0|TAMS 0x00000000c6b00000, 0x00000000c6b00000|
|   6|0x00000000c6c00000, 0x00000000c6c00000, 0x00000000c6d00000|  0%| F|  |TS  0|AC  0|TAMS 0x00000000c6c00000, 0x00000000c6c00000|
|   7|0x00000000c6d00000, 0x00000000c6d00000, 0x00000000c6e00000|  0%| F|  |TS  0|AC  0|TAMS 0x00000000c6d00000, 0x00000000c6d00000|
|   8|0x00000000c6e00000, 0x00000000c6e00000, 0x00000000c6f00000|  0%| F|  |TS  0|AC  0|TAMS 0x00000000c6e00000, 0x00000000c6e00000|
|   9|0x00000000c6f00000, 0x00000000c6f00000, 0x00000000c7000000|  0%| F|  |TS  0|AC  0|TAMS 0x00000000c6f00000, 0x00000000c6f00000|
|  10|0x00000000c7000000, 0x00000000c7000000, 0x00000000c7100000|  0%| F|  |TS  0|AC  0|TAMS 0x00000000c7000000, 0x00000000c7000000|
|  11|0x00000000c7100000, 0x00000000c7100000, 0x00000000c7200000|  0%| F|  |TS  0|AC  0|TAMS 0x00000000c7100000, 0x00000000c7100000|
|  12|0x00000000c7200000, 0x00000000c7200000, 0x00000000c7300000|  0%| F|  |TS  0|AC  0|TAMS 0x00000000c7200000, 0x00000000c7200000|
|  13|0x00000000c7300000, 0x00000000c7300000, 0x00000000c7400000|  0%| F|  |TS  0|AC  0|TAMS 0x00000000c7300000, 0x00000000c7300000|
|  14|0x00000000c7400000, 0x00000000c7400000, 0x00000000c7500000|  0%| F|  |TS  0|AC  0|TAMS 0x00000000c7400000, 0x00000000c7400000|
|  15|0x00000000c7500000, 0x00000000c7500000, 0x00000000c7600000|  0%| F|  |TS  0|AC  0|TAMS 0x00000000c7500000, 0x00000000c7500000|
|  16|0x00000000c7600000, 0x00000000c7600000, 0x00000000c7700000|  0%| F|  |TS  0|AC  0|TAMS 0x00000000c7600000, 0x00000000c7600000|
|  17|0x00000000c7700000, 0x00000000c7700000, 0x00000000c7800000|  0%| F|  |TS  0|AC  0|TAMS 0x00000000c7700000, 0x00000000c7700000|
|  18|0x00000000c7800000, 0x00000000c7800000, 0x00000000c7900000|  0%| F|  |TS  0|AC  0|TAMS 0x00000000c7800000, 0x00000000c7800000|
|  19|0x00000000c7900000, 0x00000000c7900000, 0x00000000c7a00000|  0%| F|  |TS  0|AC  0|TAMS 0x00000000c7900000, 0x00000000c7900000|
|  20|0x00000000c7a00000, 0x00000000c7a00000, 0x00000000c7b00000|  0%| F|  |TS  0|AC  0|TAMS 0x00000000c7a00000, 0x00000000c7a00000|
|  21|0x00000000c7b00000, 0x00000000c7b00000, 0x00000000c7c00000|  0%| F|  |TS  0|AC  0|TAMS 0x00000000c7b00000, 0x00000000c7b00000|
|  22|0x00000000c7c00000, 0x00000000c7c00000, 0x00000000c7d00000|  0%| F|  |TS  0|AC  0|TAMS 0x00000000c7c00000, 0x00000000c7c00000|
|  23|0x00000000c7d00000, 0x00000000c7d00000, 0x00000000c7e00000|  0%| F|  |TS  0|AC  0|TAMS 0x00000000c7d00000, 0x00000000c7d00000|
|  24|0x00000000c7e00000, 0x00000000c7e00000, 0x00000000c7f00000|  0%| F|  |TS  0|AC  0|TAMS 0x00000000c7e00000, 0x00000000c7e00000|
|  25|0x00000000c7f00000, 0x00000000c7f00000, 0x00000000c8000000|  0%| F|  |TS  0|AC  0|TAMS 0x00000000c7f00000, 0x00000000c7f00000|
|  26|0x00000000c8000000, 0x00000000c8000000, 0x00000000c8100000|  0%| F|  |TS  0|AC  0|TAMS 0x00000000c8000000, 0x00000000c8000000|
|  27|0x00000000c8100000, 0x00000000c8100000, 0x00000000c8200000|  0%| F|  |TS  0|AC  0|TAMS 0x00000000c8100000, 0x00000000c8100000|
|  28|0x00000000c8200000, 0x00000000c8200000, 0x00000000c8300000|  0%| F|  |TS  0|AC  0|TAMS 0x00000000c8200000, 0x00000000c8200000|
|  29|0x00000000c8300000, 0x00000000c8300000, 0x00000000c8400000|  0%| F|  |TS  0|AC  0|TAMS 0x00000000c8300000, 0x00000000c8300000|
|  30|0x00000000c8400000, 0x00000000c8400000, 0x00000000c8500000|  0%| F|  |TS  0|AC  0|TAMS 0x00000000c8400000, 0x00000000c8400000|
|  31|0x00000000c8500000, 0x00000000c8500000, 0x00000000c8600000|  0%| F|  |TS  0|AC  0|TAMS 0x00000000c8500000, 0x00000000c8500000|
|  32|0x00000000c8600000, 0x00000000c8600000, 0x00000000c8700000|  0%| F|  |TS  0|AC  0|TAMS 0x00000000c8600000, 0x00000000c8600000|
|  33|0x00000000c8700000, 0x00000000c8700000, 0x00000000c8800000|  0%| F|  |TS  0|AC  0|TAMS 0x00000000c8700000, 0x00000000c8700000|
|  34|0x00000000c8800000, 0x00000000c8800000, 0x00000000c8900000|  0%| F|  |TS  0|AC  0|TAMS 0x00000000c8800000, 0x00000000c8800000|
|  35|0x00000000c8900000, 0x00000000c8900000, 0x00000000c8a00000|  0%| F|  |TS  0|AC  0|TAMS 0x00000000c8900000, 0x00000000c8900000|
|  36|0x00000000c8a00000, 0x00000000c8a00000, 0x00000000c8b00000|  0%| F|  |TS  0|AC  0|TAMS 0x00000000c8a00000, 0x00000000c8a00000|
|  37|0x00000000c8b00000, 0x00000000c8b00000, 0x00000000c8c00000|  0%| F|  |TS  0|AC  0|TAMS 0x00000000c8b00000, 0x00000000c8b00000|
|  38|0x00000000c8c00000, 0x00000000c8c00000, 0x00000000c8d00000|  0%| F|  |TS  0|AC  0|TAMS 0x00000000c8c00000, 0x00000000c8c00000|
|  39|0x00000000c8d00000, 0x00000000c8d00000, 0x00000000c8e00000|  0%| F|  |TS  0|AC  0|TAMS 0x00000000c8d00000, 0x00000000c8d00000|
|  40|0x00000000c8e00000, 0x00000000c8e00000, 0x00000000c8f00000|  0%| F|  |TS  0|AC  0|TAMS 0x00000000c8e00000, 0x00000000c8e00000|
|  41|0x00000000c8f00000, 0x00000000c8f00000, 0x00000000c9000000|  0%| F|  |TS  0|AC  0|TAMS 0x00000000c8f00000, 0x00000000c8f00000|
|  42|0x00000000c9000000, 0x00000000c9000000, 0x00000000c9100000|  0%| F|  |TS  0|AC  0|TAMS 0x00000000c9000000, 0x00000000c9000000|
|  43|0x00000000c9100000, 0x00000000c9100000, 0x00000000c9200000|  0%| F|  |TS  0|AC  0|TAMS 0x00000000c9100000, 0x00000000c9100000|
|  44|0x00000000c9200000, 0x00000000c9200000, 0x00000000c9300000|  0%| F|  |TS  0|AC  0|TAMS 0x00000000c9200000, 0x00000000c9200000|
|  45|0x00000000c9300000, 0x00000000c9300000, 0x00000000c9400000|  0%| F|  |TS  0|AC  0|TAMS 0x00000000c9300000, 0x00000000c9300000|
|  46|0x00000000c9400000, 0x00000000c9400000, 0x00000000c9500000|  0%| F|  |TS  0|AC  0|TAMS 0x00000000c9400000, 0x00000000c9400000|
|  47|0x00000000c9500000, 0x00000000c9500000, 0x00000000c9600000|  0%| F|  |TS  0|AC  0|TAMS 0x00000000c9500000, 0x00000000c9500000|
|  48|0x00000000c9600000, 0x00000000c9600000, 0x00000000c9700000|  0%| F|  |TS  0|AC  0|TAMS 0x00000000c9600000, 0x00000000c9600000|
|  49|0x00000000c9700000, 0x00000000c9700000, 0x00000000c9800000|  0%| F|  |TS  0|AC  0|TAMS 0x00000000c9700000, 0x00000000c9700000|
|  50|0x00000000c9800000, 0x00000000c9800000, 0x00000000c9900000|  0%| F|  |TS  0|AC  0|TAMS 0x00000000c9800000, 0x00000000c9800000|
|  51|0x00000000c9900000, 0x00000000c9900000, 0x00000000c9a00000|  0%| F|  |TS  0|AC  0|TAMS 0x00000000c9900000, 0x00000000c9900000|
|  52|0x00000000c9a00000, 0x00000000c9a00000, 0x00000000c9b00000|  0%| F|  |TS  0|AC  0|TAMS 0x00000000c9a00000, 0x00000000c9a00000|
|  53|0x00000000c9b00000, 0x00000000c9b00000, 0x00000000c9c00000|  0%| F|  |TS  0|AC  0|TAMS 0x00000000c9b00000, 0x00000000c9b00000|
|  54|0x00000000c9c00000, 0x00000000c9c00000, 0x00000000c9d00000|  0%| F|  |TS  0|AC  0|TAMS 0x00000000c9c00000, 0x00000000c9c00000|
|  55|0x00000000c9d00000, 0x00000000c9db7730, 0x00000000c9e00000| 71%| E|  |TS  0|AC  0|TAMS 0x00000000c9d00000, 0x00000000c9d00000|
|  56|0x00000000c9e00000, 0x00000000c9f00000, 0x00000000c9f00000|100%| E|CS|TS  0|AC  0|TAMS 0x00000000c9e00000, 0x00000000c9e00000|
|  57|0x00000000c9f00000, 0x00000000ca000000, 0x00000000ca000000|100%| E|CS|TS  0|AC  0|TAMS 0x00000000c9f00000, 0x00000000c9f00000|

Card table byte_map: [0x00007fea84e03000,0x00007fea84fd0000] byte_map_base: 0x00007fea847d0000

Marking Bits (Prev, Next): (CMBitMap*) 0x00007fea8005e600, (CMBitMap*) 0x00007fea8005e638
 Prev Bits: [0x00007fea66cbd000, 0x00007fea67b25000)
 Next Bits: [0x00007fea65e55000, 0x00007fea66cbd000)

Polling page: 0x00007fea8969e000

CodeHeap 'non-profiled nmethods': size=120036Kb used=76Kb max_used=76Kb free=119960Kb
 bounds [0x00007fea6f5ec000, 0x00007fea6f85c000, 0x00007fea76b25000]
CodeHeap 'profiled nmethods': size=120032Kb used=315Kb max_used=315Kb free=119716Kb
 bounds [0x00007fea680b4000, 0x00007fea68324000, 0x00007fea6f5ec000]
CodeHeap 'non-nmethods': size=5692Kb used=1026Kb max_used=1037Kb free=4665Kb
 bounds [0x00007fea67b25000, 0x00007fea67d95000, 0x00007fea680b4000]
 total_blobs=665 nmethods=255 adapters=241
 compilation: enabled

Compilation events (10 events):
Event: 0,693 Thread 0x00007fea8013d000  252       4       java.lang.StringLatin1::indexOf (61 bytes)
Event: 0,697 Thread 0x00007fea8013f000  253       3       java.lang.String::toLowerCase (8 bytes)
Event: 0,698 Thread 0x00007fea8013f000 nmethod 253 0x00007fea68101910 code [0x00007fea68101b00, 0x00007fea68101eb8]
Event: 0,698 Thread 0x00007fea8013f000  251       1       java.lang.String::value (5 bytes)
Event: 0,698 Thread 0x00007fea8013f000 nmethod 251 0x00007fea6f5fe510 code [0x00007fea6f5fe6c0, 0x00007fea6f5fe7d0]
Event: 0,698 Thread 0x00007fea8013d000 nmethod 252 0x00007fea6f5fe810 code [0x00007fea6f5fe9a0, 0x00007fea6f5feb58]
Event: 0,699 Thread 0x00007fea8013f000  254       3       java.io.UnixFileSystem::normalize (75 bytes)
Event: 0,700 Thread 0x00007fea8013f000 nmethod 254 0x00007fea68102010 code [0x00007fea68102260, 0x00007fea68102bd8]
Event: 0,704 Thread 0x00007fea8013f000  255       1       java.util.zip.ZipFile$Source::access$200 (5 bytes)
Event: 0,704 Thread 0x00007fea8013f000 nmethod 255 0x00007fea6f5fec90 code [0x00007fea6f5fee40, 0x00007fea6f5fef30]

GC Heap History (0 events):
No events

Deoptimization events (1 events):
Event: 0,495 Thread 0x00007fea80013000 Uncommon trap: reason=unstable_if action=reinterpret pc=0x00007fea6f5effec method=java.lang.String.hashCode()I @ 14 c2

Classes redefined (0 events):
No events

Internal exceptions (4 events):
Event: 0,636 Thread 0x00007fea80013000 Exception <a 'java/io/FileNotFoundException'{0x00000000c9d17db0}> (0x00000000c9d17db0) thrown at [/build/openjdk-lts-Ae5PRQ/openjdk-lts-10.0.2+13/src/hotspot/share/prims/jni.cpp, line 611]
Event: 0,659 Thread 0x00007fea80013000 Exception <a 'java/io/FileNotFoundException'{0x00000000c9d18740}> (0x00000000c9d18740) thrown at [/build/openjdk-lts-Ae5PRQ/openjdk-lts-10.0.2+13/src/hotspot/share/prims/jni.cpp, line 611]
Event: 0,661 Thread 0x00007fea80013000 Exception <a 'java/io/FileNotFoundException'{0x00000000c9d25d58}> (0x00000000c9d25d58) thrown at [/build/openjdk-lts-Ae5PRQ/openjdk-lts-10.0.2+13/src/hotspot/share/prims/jni.cpp, line 611]
Event: 0,683 Thread 0x00007fea80013000 Exception <a 'java/io/FileNotFoundException'{0x00000000c9d26458}> (0x00000000c9d26458) thrown at [/build/openjdk-lts-Ae5PRQ/openjdk-lts-10.0.2+13/src/hotspot/share/prims/jni.cpp, line 611]

Events (10 events):
Event: 0,703 loading class java/nio/charset/CharsetDecoder done
Event: 0,703 loading class sun/nio/cs/US_ASCII$Decoder done
Event: 0,703 loading class gnu/io/RXTXPort$MonitorThread
Event: 0,703 loading class gnu/io/RXTXPort$MonitorThread done
Event: 0,705 Thread 0x00007fea8025e000 Thread added: 0x00007fea8025e000
Event: 0,710 loading class sun/nio/cs/UTF_8$Decoder
Event: 0,710 loading class sun/nio/cs/UTF_8$Decoder done
Event: 0,717 Thread 0x00007fea8026d000 Thread added: 0x00007fea8026d000
Event: 0,717 Thread 0x00007fea80013000 Thread exited: 0x00007fea80013000
Event: 0,717 Thread 0x00007fea80013000 Thread added: 0x00007fea80013000


Dynamic libraries:
c6600000-ca000000 rw-p 00000000 00:00 0 
ca000000-100000000 ---p 00000000 00:00 0 
100000000-1000a0000 rw-p 00000000 00:00 0 
1000a0000-140000000 ---p 00000000 00:00 0 
562ca958f000-562ca9590000 r-xp 00000000 08:04 3037651                    /usr/lib/jvm/java-11-openjdk-amd64/bin/java
562ca9790000-562ca9791000 r--p 00001000 08:04 3037651                    /usr/lib/jvm/java-11-openjdk-amd64/bin/java
562ca9791000-562ca9792000 rw-p 00002000 08:04 3037651                    /usr/lib/jvm/java-11-openjdk-amd64/bin/java
562caab2b000-562caab4c000 rw-p 00000000 00:00 0                          [heap]
7fea24000000-7fea2402b000 rw-p 00000000 00:00 0 
7fea2402b000-7fea28000000 ---p 00000000 00:00 0 
7fea2c000000-7fea2c187000 rw-p 00000000 00:00 0 
7fea2c187000-7fea30000000 ---p 00000000 00:00 0 
7fea30000000-7fea300fc000 rw-p 00000000 00:00 0 
7fea300fc000-7fea34000000 ---p 00000000 00:00 0 
7fea34000000-7fea34021000 rw-p 00000000 00:00 0 
7fea34021000-7fea38000000 ---p 00000000 00:00 0 
7fea38000000-7fea38021000 rw-p 00000000 00:00 0 
7fea38021000-7fea3c000000 ---p 00000000 00:00 0 
7fea3c000000-7fea3c021000 rw-p 00000000 00:00 0 
7fea3c021000-7fea40000000 ---p 00000000 00:00 0 
7fea40000000-7fea40021000 rw-p 00000000 00:00 0 
7fea40021000-7fea44000000 ---p 00000000 00:00 0 
7fea44000000-7fea44021000 rw-p 00000000 00:00 0 
7fea44021000-7fea48000000 ---p 00000000 00:00 0 
7fea48000000-7fea48021000 rw-p 00000000 00:00 0 
7fea48021000-7fea4c000000 ---p 00000000 00:00 0 
7fea4c000000-7fea4c021000 rw-p 00000000 00:00 0 
7fea4c021000-7fea50000000 ---p 00000000 00:00 0 
7fea50000000-7fea50021000 rw-p 00000000 00:00 0 
7fea50021000-7fea54000000 ---p 00000000 00:00 0 
7fea559ed000-7fea559f1000 ---p 00000000 00:00 0 
7fea559f1000-7fea55aee000 rw-p 00000000 00:00 0 
7fea55aee000-7fea55af2000 ---p 00000000 00:00 0 
7fea55af2000-7fea55bef000 rw-p 00000000 00:00 0 
7fea55bef000-7fea55bf0000 r-xp 00000000 08:04 3037762                    /usr/lib/jvm/java-11-openjdk-amd64/lib/libextnet.so
7fea55bf0000-7fea55def000 ---p 00001000 08:04 3037762                    /usr/lib/jvm/java-11-openjdk-amd64/lib/libextnet.so
7fea55def000-7fea55df0000 r--p 00000000 08:04 3037762                    /usr/lib/jvm/java-11-openjdk-amd64/lib/libextnet.so
7fea55df0000-7fea55df1000 rw-p 00001000 08:04 3037762                    /usr/lib/jvm/java-11-openjdk-amd64/lib/libextnet.so
7fea55df1000-7fea55dfd000 r-xp 00000000 08:04 3038073                    /usr/lib/librxtxSerial.so
7fea55dfd000-7fea55efc000 ---p 0000c000 08:04 3038073                    /usr/lib/librxtxSerial.so
7fea55efc000-7fea55efe000 rw-p 0000b000 08:04 3038073                    /usr/lib/librxtxSerial.so
7fea55efe000-7fea55eff000 ---p 00000000 00:00 0 
7fea55eff000-7fea58000000 rw-p 00000000 00:00 0 
7fea58000000-7fea58021000 rw-p 00000000 00:00 0 
7fea58021000-7fea5c000000 ---p 00000000 00:00 0 
7fea5c000000-7fea5c021000 rw-p 00000000 00:00 0 
7fea5c021000-7fea60000000 ---p 00000000 00:00 0 
7fea60000000-7fea60021000 rw-p 00000000 00:00 0 
7fea60021000-7fea64000000 ---p 00000000 00:00 0 
7fea640b1000-7fea640b5000 ---p 00000000 00:00 0 
7fea640b5000-7fea641b2000 rw-p 00000000 00:00 0 
7fea641b2000-7fea641b6000 ---p 00000000 00:00 0 
7fea641b6000-7fea642b3000 rw-p 00000000 00:00 0 
7fea642b3000-7fea642ca000 r-xp 00000000 08:04 3037781                    /usr/lib/jvm/java-11-openjdk-amd64/lib/libnet.so
7fea642ca000-7fea644c9000 ---p 00017000 08:04 3037781                    /usr/lib/jvm/java-11-openjdk-amd64/lib/libnet.so
7fea644c9000-7fea644ca000 r--p 00016000 08:04 3037781                    /usr/lib/jvm/java-11-openjdk-amd64/lib/libnet.so
7fea644ca000-7fea644cb000 rw-p 00017000 08:04 3037781                    /usr/lib/jvm/java-11-openjdk-amd64/lib/libnet.so
7fea644cb000-7fea644dc000 r-xp 00000000 08:04 3037782                    /usr/lib/jvm/java-11-openjdk-amd64/lib/libnio.so
7fea644dc000-7fea646db000 ---p 00011000 08:04 3037782                    /usr/lib/jvm/java-11-openjdk-amd64/lib/libnio.so
7fea646db000-7fea646dc000 r--p 00010000 08:04 3037782                    /usr/lib/jvm/java-11-openjdk-amd64/lib/libnio.so
7fea646dc000-7fea646dd000 rw-p 00011000 08:04 3037782                    /usr/lib/jvm/java-11-openjdk-amd64/lib/libnio.so
7fea646dd000-7fea646e1000 ---p 00000000 00:00 0 
7fea646e1000-7fea647de000 rw-p 00000000 00:00 0 
7fea647de000-7fea647e2000 ---p 00000000 00:00 0 
7fea647e2000-7fea648df000 rw-p 00000000 00:00 0 
7fea648df000-7fea648e3000 ---p 00000000 00:00 0 
7fea648e3000-7fea649e0000 rw-p 00000000 00:00 0 
7fea649e0000-7fea649e4000 ---p 00000000 00:00 0 
7fea649e4000-7fea64ae1000 rw-p 00000000 00:00 0 
7fea64ae1000-7fea65655000 r--p 00000000 08:04 3021298                    /usr/lib/locale/locale-archive
7fea65655000-7fea65c15000 rw-p 00000000 00:00 0 
7fea65c15000-7fea65e55000 ---p 00000000 00:00 0 
7fea65e55000-7fea65f3d000 rw-p 00000000 00:00 0 
7fea65f3d000-7fea66cbd000 ---p 00000000 00:00 0 
7fea66cbd000-7fea66da5000 rw-p 00000000 00:00 0 
7fea66da5000-7fea67b25000 ---p 00000000 00:00 0 
7fea67b25000-7fea67d95000 rwxp 00000000 00:00 0 
7fea67d95000-7fea680b4000 ---p 00000000 00:00 0 
7fea680b4000-7fea68324000 rwxp 00000000 00:00 0 
7fea68324000-7fea6f5ec000 ---p 00000000 00:00 0 
7fea6f5ec000-7fea6f85c000 rwxp 00000000 00:00 0 
7fea6f85c000-7fea76b25000 ---p 00000000 00:00 0 
7fea76b25000-7fea80000000 r--s 00000000 08:04 3037791                    /usr/lib/jvm/java-11-openjdk-amd64/lib/modules
7fea80000000-7fea80288000 rw-p 00000000 00:00 0 
7fea80288000-7fea84000000 ---p 00000000 00:00 0 
7fea840af000-7fea840b3000 ---p 00000000 00:00 0 
7fea840b3000-7fea841b0000 rw-p 00000000 00:00 0 
7fea841b0000-7fea841b4000 ---p 00000000 00:00 0 
7fea841b4000-7fea842b1000 rw-p 00000000 00:00 0 
7fea842b1000-7fea842b5000 ---p 00000000 00:00 0 
7fea842b5000-7fea843b2000 rw-p 00000000 00:00 0 
7fea843b2000-7fea843b3000 ---p 00000000 00:00 0 
7fea843b3000-7fea8452a000 rw-p 00000000 00:00 0 
7fea8452a000-7fea8452b000 ---p 00000000 00:00 0 
7fea8452b000-7fea8462c000 rw-p 00000000 00:00 0 
7fea8462c000-7fea8462d000 ---p 00000000 00:00 0 
7fea8462d000-7fea8472e000 rw-p 00000000 00:00 0 
7fea8472e000-7fea8472f000 ---p 00000000 00:00 0 
7fea8472f000-7fea84a32000 rw-p 00000000 00:00 0 
7fea84a32000-7fea84a33000 ---p 00000000 00:00 0 
7fea84a33000-7fea84b34000 rw-p 00000000 00:00 0 
7fea84b34000-7fea84b35000 ---p 00000000 00:00 0 
7fea84b35000-7fea84c53000 rw-p 00000000 00:00 0 
7fea84c53000-7fea84e03000 ---p 00000000 00:00 0 
7fea84e03000-7fea84e20000 rw-p 00000000 00:00 0 
7fea84e20000-7fea84fd0000 ---p 00000000 00:00 0 
7fea84fd0000-7fea84fed000 rw-p 00000000 00:00 0 
7fea84fed000-7fea8519d000 ---p 00000000 00:00 0 
7fea8519d000-7fea8539f000 rw-p 00000000 00:00 0 
7fea8539f000-7fea853a0000 ---p 00000000 00:00 0 
7fea853a0000-7fea854a1000 rw-p 00000000 00:00 0 
7fea854a1000-7fea854a2000 ---p 00000000 00:00 0 
7fea854a2000-7fea855a8000 rw-p 00000000 00:00 0 
7fea855a8000-7fea8568e000 ---p 00000000 00:00 0 
7fea8568e000-7fea85693000 rw-p 00000000 00:00 0 
7fea85693000-7fea85779000 ---p 00000000 00:00 0 
7fea85779000-7fea8577e000 r-xp 00000000 08:04 3037773                    /usr/lib/jvm/java-11-openjdk-amd64/lib/libjimage.so
7fea8577e000-7fea8597d000 ---p 00005000 08:04 3037773                    /usr/lib/jvm/java-11-openjdk-amd64/lib/libjimage.so
7fea8597d000-7fea8597e000 r--p 00004000 08:04 3037773                    /usr/lib/jvm/java-11-openjdk-amd64/lib/libjimage.so
7fea8597e000-7fea8597f000 rw-p 00005000 08:04 3037773                    /usr/lib/jvm/java-11-openjdk-amd64/lib/libjimage.so
7fea8597f000-7fea85986000 r-xp 00000000 08:04 3037790                    /usr/lib/jvm/java-11-openjdk-amd64/lib/libzip.so
7fea85986000-7fea85b85000 ---p 00007000 08:04 3037790                    /usr/lib/jvm/java-11-openjdk-amd64/lib/libzip.so
7fea85b85000-7fea85b86000 r--p 00006000 08:04 3037790                    /usr/lib/jvm/java-11-openjdk-amd64/lib/libzip.so
7fea85b86000-7fea85b87000 rw-p 00007000 08:04 3037790                    /usr/lib/jvm/java-11-openjdk-amd64/lib/libzip.so
7fea85b87000-7fea85b92000 r-xp 00000000 08:04 6427564                    /lib/x86_64-linux-gnu/libnss_files-2.27.so
7fea85b92000-7fea85d91000 ---p 0000b000 08:04 6427564                    /lib/x86_64-linux-gnu/libnss_files-2.27.so
7fea85d91000-7fea85d92000 r--p 0000a000 08:04 6427564                    /lib/x86_64-linux-gnu/libnss_files-2.27.so
7fea85d92000-7fea85d93000 rw-p 0000b000 08:04 6427564                    /lib/x86_64-linux-gnu/libnss_files-2.27.so
7fea85d93000-7fea85d99000 rw-p 00000000 00:00 0 
7fea85d99000-7fea85db0000 r-xp 00000000 08:04 6427558                    /lib/x86_64-linux-gnu/libnsl-2.27.so
7fea85db0000-7fea85faf000 ---p 00017000 08:04 6427558                    /lib/x86_64-linux-gnu/libnsl-2.27.so
7fea85faf000-7fea85fb0000 r--p 00016000 08:04 6427558                    /lib/x86_64-linux-gnu/libnsl-2.27.so
7fea85fb0000-7fea85fb1000 rw-p 00017000 08:04 6427558                    /lib/x86_64-linux-gnu/libnsl-2.27.so
7fea85fb1000-7fea85fb3000 rw-p 00000000 00:00 0 
7fea85fb3000-7fea85fbe000 r-xp 00000000 08:04 6427574                    /lib/x86_64-linux-gnu/libnss_nis-2.27.so
7fea85fbe000-7fea861bd000 ---p 0000b000 08:04 6427574                    /lib/x86_64-linux-gnu/libnss_nis-2.27.so
7fea861bd000-7fea861be000 r--p 0000a000 08:04 6427574                    /lib/x86_64-linux-gnu/libnss_nis-2.27.so
7fea861be000-7fea861bf000 rw-p 0000b000 08:04 6427574                    /lib/x86_64-linux-gnu/libnss_nis-2.27.so
7fea861bf000-7fea861c7000 r-xp 00000000 08:04 6427560                    /lib/x86_64-linux-gnu/libnss_compat-2.27.so
7fea861c7000-7fea863c7000 ---p 00008000 08:04 6427560                    /lib/x86_64-linux-gnu/libnss_compat-2.27.so
7fea863c7000-7fea863c8000 r--p 00008000 08:04 6427560                    /lib/x86_64-linux-gnu/libnss_compat-2.27.so
7fea863c8000-7fea863c9000 rw-p 00009000 08:04 6427560                    /lib/x86_64-linux-gnu/libnss_compat-2.27.so
7fea863c9000-7fea863d3000 r-xp 00000000 08:04 3037764                    /usr/lib/jvm/java-11-openjdk-amd64/lib/libinstrument.so
7fea863d3000-7fea865d2000 ---p 0000a000 08:04 3037764                    /usr/lib/jvm/java-11-openjdk-amd64/lib/libinstrument.so
7fea865d2000-7fea865d3000 r--p 00009000 08:04 3037764                    /usr/lib/jvm/java-11-openjdk-amd64/lib/libinstrument.so
7fea865d3000-7fea865d4000 rw-p 0000a000 08:04 3037764                    /usr/lib/jvm/java-11-openjdk-amd64/lib/libinstrument.so
7fea865d4000-7fea86600000 r-xp 00000000 08:04 3037769                    /usr/lib/jvm/java-11-openjdk-amd64/lib/libjava.so
7fea86600000-7fea867ff000 ---p 0002c000 08:04 3037769                    /usr/lib/jvm/java-11-openjdk-amd64/lib/libjava.so
7fea867ff000-7fea86800000 r--p 0002b000 08:04 3037769                    /usr/lib/jvm/java-11-openjdk-amd64/lib/libjava.so
7fea86800000-7fea86802000 rw-p 0002c000 08:04 3037769                    /usr/lib/jvm/java-11-openjdk-amd64/lib/libjava.so
7fea86802000-7fea8680f000 r-xp 00000000 08:04 3037789                    /usr/lib/jvm/java-11-openjdk-amd64/lib/libverify.so
7fea8680f000-7fea86a0e000 ---p 0000d000 08:04 3037789                    /usr/lib/jvm/java-11-openjdk-amd64/lib/libverify.so
7fea86a0e000-7fea86a10000 r--p 0000c000 08:04 3037789                    /usr/lib/jvm/java-11-openjdk-amd64/lib/libverify.so
7fea86a10000-7fea86a11000 rw-p 0000e000 08:04 3037789                    /usr/lib/jvm/java-11-openjdk-amd64/lib/libverify.so
7fea86a11000-7fea86a18000 r-xp 00000000 08:04 6427614                    /lib/x86_64-linux-gnu/librt-2.27.so
7fea86a18000-7fea86c17000 ---p 00007000 08:04 6427614                    /lib/x86_64-linux-gnu/librt-2.27.so
7fea86c17000-7fea86c18000 r--p 00006000 08:04 6427614                    /lib/x86_64-linux-gnu/librt-2.27.so
7fea86c18000-7fea86c19000 rw-p 00007000 08:04 6427614                    /lib/x86_64-linux-gnu/librt-2.27.so
7fea86c19000-7fea86c30000 r-xp 00000000 08:04 6427387                    /lib/x86_64-linux-gnu/libgcc_s.so.1
7fea86c30000-7fea86e2f000 ---p 00017000 08:04 6427387                    /lib/x86_64-linux-gnu/libgcc_s.so.1
7fea86e2f000-7fea86e30000 r--p 00016000 08:04 6427387                    /lib/x86_64-linux-gnu/libgcc_s.so.1
7fea86e30000-7fea86e31000 rw-p 00017000 08:04 6427387                    /lib/x86_64-linux-gnu/libgcc_s.so.1
7fea86e31000-7fea86fce000 r-xp 00000000 08:04 6427537                    /lib/x86_64-linux-gnu/libm-2.27.so
7fea86fce000-7fea871cd000 ---p 0019d000 08:04 6427537                    /lib/x86_64-linux-gnu/libm-2.27.so
7fea871cd000-7fea871ce000 r--p 0019c000 08:04 6427537                    /lib/x86_64-linux-gnu/libm-2.27.so
7fea871ce000-7fea871cf000 rw-p 0019d000 08:04 6427537                    /lib/x86_64-linux-gnu/libm-2.27.so
7fea871cf000-7fea87348000 r-xp 00000000 08:04 3015605                    /usr/lib/x86_64-linux-gnu/libstdc++.so.6.0.25
7fea87348000-7fea87548000 ---p 00179000 08:04 3015605                    /usr/lib/x86_64-linux-gnu/libstdc++.so.6.0.25
7fea87548000-7fea87552000 r--p 00179000 08:04 3015605                    /usr/lib/x86_64-linux-gnu/libstdc++.so.6.0.25
7fea87552000-7fea87554000 rw-p 00183000 08:04 3015605                    /usr/lib/x86_64-linux-gnu/libstdc++.so.6.0.25
7fea87554000-7fea87558000 rw-p 00000000 00:00 0 
7fea87558000-7fea884f5000 r-xp 00000000 08:04 3159758                    /usr/lib/jvm/java-11-openjdk-amd64/lib/server/libjvm.so
7fea884f5000-7fea886f5000 ---p 00f9d000 08:04 3159758                    /usr/lib/jvm/java-11-openjdk-amd64/lib/server/libjvm.so
7fea886f5000-7fea887b9000 r--p 00f9d000 08:04 3159758                    /usr/lib/jvm/java-11-openjdk-amd64/lib/server/libjvm.so
7fea887b9000-7fea887f1000 rw-p 01061000 08:04 3159758                    /usr/lib/jvm/java-11-openjdk-amd64/lib/server/libjvm.so
7fea887f1000-7fea8883a000 rw-p 00000000 00:00 0 
7fea8883a000-7fea88854000 r-xp 00000000 08:04 6427606                    /lib/x86_64-linux-gnu/libpthread-2.27.so
7fea88854000-7fea88a53000 ---p 0001a000 08:04 6427606                    /lib/x86_64-linux-gnu/libpthread-2.27.so
7fea88a53000-7fea88a54000 r--p 00019000 08:04 6427606                    /lib/x86_64-linux-gnu/libpthread-2.27.so
7fea88a54000-7fea88a55000 rw-p 0001a000 08:04 6427606                    /lib/x86_64-linux-gnu/libpthread-2.27.so
7fea88a55000-7fea88a59000 rw-p 00000000 00:00 0 
7fea88a59000-7fea88a5c000 r-xp 00000000 08:04 6427497                    /lib/x86_64-linux-gnu/libdl-2.27.so
7fea88a5c000-7fea88c5b000 ---p 00003000 08:04 6427497                    /lib/x86_64-linux-gnu/libdl-2.27.so
7fea88c5b000-7fea88c5c000 r--p 00002000 08:04 6427497                    /lib/x86_64-linux-gnu/libdl-2.27.so
7fea88c5c000-7fea88c5d000 rw-p 00003000 08:04 6427497                    /lib/x86_64-linux-gnu/libdl-2.27.so
7fea88c5d000-7fea88c79000 r-xp 00000000 08:04 6427645                    /lib/x86_64-linux-gnu/libz.so.1.2.11
7fea88c79000-7fea88e78000 ---p 0001c000 08:04 6427645                    /lib/x86_64-linux-gnu/libz.so.1.2.11
7fea88e78000-7fea88e79000 r--p 0001b000 08:04 6427645                    /lib/x86_64-linux-gnu/libz.so.1.2.11
7fea88e79000-7fea88e7a000 rw-p 0001c000 08:04 6427645                    /lib/x86_64-linux-gnu/libz.so.1.2.11
7fea88e7a000-7fea89061000 r-xp 00000000 08:04 6427474                    /lib/x86_64-linux-gnu/libc-2.27.so
7fea89061000-7fea89261000 ---p 001e7000 08:04 6427474                    /lib/x86_64-linux-gnu/libc-2.27.so
7fea89261000-7fea89265000 r--p 001e7000 08:04 6427474                    /lib/x86_64-linux-gnu/libc-2.27.so
7fea89265000-7fea89267000 rw-p 001eb000 08:04 6427474                    /lib/x86_64-linux-gnu/libc-2.27.so
7fea89267000-7fea8926b000 rw-p 00000000 00:00 0 
7fea8926b000-7fea8927a000 r-xp 00000000 08:04 3159753                    /usr/lib/jvm/java-11-openjdk-amd64/lib/jli/libjli.so
7fea8927a000-7fea89479000 ---p 0000f000 08:04 3159753                    /usr/lib/jvm/java-11-openjdk-amd64/lib/jli/libjli.so
7fea89479000-7fea8947a000 r--p 0000e000 08:04 3159753                    /usr/lib/jvm/java-11-openjdk-amd64/lib/jli/libjli.so
7fea8947a000-7fea8947b000 rw-p 0000f000 08:04 3159753                    /usr/lib/jvm/java-11-openjdk-amd64/lib/jli/libjli.so
7fea8947b000-7fea894a2000 r-xp 00000000 08:04 6427446                    /lib/x86_64-linux-gnu/ld-2.27.so
7fea894ee000-7fea89583000 rw-p 00000000 00:00 0 
7fea89583000-7fea89587000 ---p 00000000 00:00 0 
7fea89587000-7fea89686000 rw-p 00000000 00:00 0 
7fea89689000-7fea8968f000 rw-p 00000000 00:00 0 
7fea8968f000-7fea89696000 ---p 00000000 00:00 0 
7fea89696000-7fea8969e000 rw-s 00000000 08:04 3160012                    /tmp/hsperfdata_ilya/9778
7fea8969e000-7fea8969f000 ---p 00000000 00:00 0 
7fea8969f000-7fea896a0000 r--p 00000000 00:00 0 
7fea896a0000-7fea896a2000 rw-p 00000000 00:00 0 
7fea896a2000-7fea896a3000 r--p 00027000 08:04 6427446                    /lib/x86_64-linux-gnu/ld-2.27.so
7fea896a3000-7fea896a4000 rw-p 00028000 08:04 6427446                    /lib/x86_64-linux-gnu/ld-2.27.so
7fea896a4000-7fea896a5000 rw-p 00000000 00:00 0 
7ffc4e516000-7ffc4e538000 rw-p 00000000 00:00 0                          [stack]
7ffc4e546000-7ffc4e549000 r--p 00000000 00:00 0                          [vvar]
7ffc4e549000-7ffc4e54b000 r-xp 00000000 00:00 0                          [vdso]
ffffffffff600000-ffffffffff601000 r-xp 00000000 00:00 0                  [vsyscall]


VM Arguments:
jvm_args: -javaagent:/home/ilya/idea-IC-183.5429.30/lib/idea_rt.jar=46297:/home/ilya/idea-IC-183.5429.30/bin -Dfile.encoding=UTF-8 
java_command: SerialTest
java_class_path (initial): /home/ilya/IdeaProjects/eflute/target/classes:/home/ilya/idea-IC-183.5429.30/plugins/Kotlin/kotlinc/lib/kotlin-stdlib.jar:/home/ilya/idea-IC-183.5429.30/plugins/Kotlin/kotlinc/lib/kotlin-reflect.jar:/home/ilya/idea-IC-183.5429.30/plugins/Kotlin/kotlinc/lib/kotlin-test.jar:/home/ilya/idea-IC-183.5429.30/plugins/Kotlin/kotlinc/lib/kotlin-stdlib-jdk7.jar:/home/ilya/idea-IC-183.5429.30/plugins/Kotlin/kotlinc/lib/kotlin-stdlib-jdk8.jar:/home/ilya/.m2/repository/org/rxtx/rxtx/2.1.7/rxtx-2.1.7.jar
Launcher Type: SUN_STANDARD

Logging:
Log output configuration:
#0: stdout all=warning uptime,level,tags
#1: stderr all=off uptime,level,tags

Environment Variables:
PATH=/home/ilya/anaconda3/bin:/usr/local/sbin:/usr/local/bin:/usr/sbin:/usr/bin:/sbin:/bin:/usr/games:/usr/local/games:/snap/bin
SHELL=/bin/bash
DISPLAY=:0.0

Signal Handlers:
SIGSEGV: [libjvm.so+0xd28b70], sa_mask[0]=11111111011111111101111111111110, sa_flags=SA_RESTART|SA_SIGINFO
SIGBUS: [libjvm.so+0xd28b70], sa_mask[0]=11111111011111111101111111111110, sa_flags=SA_RESTART|SA_SIGINFO
SIGFPE: [libjvm.so+0xd28b70], sa_mask[0]=11111111011111111101111111111110, sa_flags=SA_RESTART|SA_SIGINFO
SIGPIPE: [libjvm.so+0xb2a1f0], sa_mask[0]=11111111011111111101111111111110, sa_flags=SA_RESTART|SA_SIGINFO
SIGXFSZ: [libjvm.so+0xb2a1f0], sa_mask[0]=11111111011111111101111111111110, sa_flags=SA_RESTART|SA_SIGINFO
SIGILL: [libjvm.so+0xd28b70], sa_mask[0]=11111111011111111101111111111110, sa_flags=SA_RESTART|SA_SIGINFO
SIGUSR2: [libjvm.so+0xb2a030], sa_mask[0]=00100000000000000000000000000000, sa_flags=SA_RESTART|SA_SIGINFO
SIGHUP: [libjvm.so+0xb2a180], sa_mask[0]=11111111011111111101111111111110, sa_flags=SA_RESTART|SA_SIGINFO
SIGINT: [libjvm.so+0xb2a180], sa_mask[0]=11111111011111111101111111111110, sa_flags=SA_RESTART|SA_SIGINFO
SIGTERM: [libjvm.so+0xb2a180], sa_mask[0]=11111111011111111101111111111110, sa_flags=SA_RESTART|SA_SIGINFO
SIGQUIT: [libjvm.so+0xb2a180], sa_mask[0]=11111111011111111101111111111110, sa_flags=SA_RESTART|SA_SIGINFO


---------------  S Y S T E M  ---------------

OS:DISTRIB_ID=Ubuntu
DISTRIB_RELEASE=18.04
DISTRIB_CODENAME=bionic
DISTRIB_DESCRIPTION="Ubuntu 18.04.1 LTS"
uname:Linux 4.15.0-45-generic #48-Ubuntu SMP Tue Jan 29 16:28:13 UTC 2019 x86_64
libc:glibc 2.27 NPTL 2.27 
rlimit: STACK 8192k, CORE 0k, NPROC 14295, NOFILE 1048576, AS infinity, DATA infinity, FSIZE infinity
load average:1,00 0,82 0,76

/proc/meminfo:
MemTotal:        3776412 kB
MemFree:          367532 kB
MemAvailable:     637880 kB
Buffers:           37240 kB
Cached:           501924 kB
SwapCached:          784 kB
Active:          2382416 kB
Inactive:         816744 kB
Active(anon):    2139996 kB
Inactive(anon):   609820 kB
Active(file):     242420 kB
Inactive(file):   206924 kB
Unevictable:          48 kB
Mlocked:              48 kB
SwapTotal:       3906556 kB
SwapFree:        3860988 kB
Dirty:              2344 kB
Writeback:             0 kB
AnonPages:       2659312 kB
Mapped:           229488 kB
Shmem:             89820 kB
Slab:              88532 kB
SReclaimable:      50260 kB
SUnreclaim:        38272 kB
KernelStack:       10192 kB
PageTables:        40908 kB
NFS_Unstable:          0 kB
Bounce:                0 kB
WritebackTmp:          0 kB
CommitLimit:     5794760 kB
Committed_AS:    6092988 kB
VmallocTotal:   34359738367 kB
VmallocUsed:           0 kB
VmallocChunk:          0 kB
HardwareCorrupted:     0 kB
AnonHugePages:         0 kB
ShmemHugePages:        0 kB
ShmemPmdMapped:        0 kB
CmaTotal:              0 kB
CmaFree:               0 kB
HugePages_Total:       0
HugePages_Free:        0
HugePages_Rsvd:        0
HugePages_Surp:        0
Hugepagesize:       2048 kB
DirectMap4k:      141800 kB
DirectMap2M:     3786752 kB

container (cgroup) information:
container_type: cgroupv1
cpu_cpuset_cpus: 0-1
cpu_memory_nodes: 0
active_processor_count: 2
cpu_quota: -1
cpu_period: 100000
cpu_shares: -1
memory_limit_in_bytes: -1
memory_and_swap_limit_in_bytes: -2
memory_soft_limit_in_bytes: -1
memory_usage_in_bytes: 3275972608
memory_max_usage_in_bytes: 26726400


CPU:total 2 (initial active 2) (2 cores per cpu, 1 threads per core) family 6 model 23 stepping 10, cmov, cx8, fxsr, mmx, sse, sse2, sse3, ssse3, sse4.1, tsc
CPU Model and flags from /proc/cpuinfo:
model name	: Intel(R) Core(TM)2 Duo CPU     P8600  @ 2.40GHz
flags		: fpu vme de pse tsc msr pae mce cx8 apic sep mtrr pge mca cmov pat pse36 clflush dts acpi mmx fxsr sse sse2 ss ht tm pbe syscall nx lm constant_tsc arch_perfmon pebs bts rep_good nopl cpuid aperfmperf pni dtes64 monitor ds_cpl vmx smx est tm2 ssse3 cx16 xtpr pdcm sse4_1 xsave lahf_lm pti tpr_shadow vnmi flexpriority dtherm

Memory: 4k page, physical 3776412k(367532k free), swap 3906556k(3860988k free)

vm_info: OpenJDK 64-Bit Server VM (10.0.2+13-Ubuntu-1ubuntu0.18.04.4) for linux-amd64 JRE (10.0.2+13-Ubuntu-1ubuntu0.18.04.4), built on Nov 13 2018 12:53:39 by "buildd" with gcc 7.3.0

END.
